<?xml version="1.0" encoding="UTF-8"?>
<!-- Generated by org.testng.reporters.JUnitReportReporter -->
<testsuite hostname="JIYANSH" failures="0" tests="4" name="testLayer.LoginTest" time="19.880" errors="0" timestamp="2023-06-21T23:15:49 CST" skipped="0">
  <testcase classname="testLayer.LoginTest" name="Title" time="4.266"/>
  <system-out/>
  <testcase classname="testLayer.LoginTest" name="Login" time="5.265"/>
  <system-out/>
  <testcase classname="testLayer.LoginTest" name="Login" time="5.180"/>
  <system-out/>
  <testcase classname="testLayer.LoginTest" name="Login" time="5.169"/>
  <system-out/>
</testsuite> <!-- testLayer.LoginTest -->
